[0.015s] Invoking command in '/home/van/rm_ws/build/listener_pkg': CMAKE_PREFIX_PATH=${CMAKE_PREFIX_PATH}:/home/van/rm_ws/install/sentry_description:/home/van/rm_ws/install/listener_pkg:/home/van/dev_ws/install/learning_urdf:/home/van/dev_ws/install/learning_topic:/home/van/dev_ws/install/learning_tf:/home/van/dev_ws/install/learning_service:/home/van/dev_ws/install/learning_qos:/home/van/dev_ws/install/learning_pkg_python:/home/van/dev_ws/install/learning_parameter:/home/van/dev_ws/install/learning_node:/home/van/dev_ws/install/learning_launch:/home/van/dev_ws/install/learning_action:/home/van/dev_ws/install/learning_gazebo_fortress:/home/van/dev_ws/install/learning_gazebo:/home/van/dev_ws/install/learning_cv:/opt/ros/humble /usr/bin/cmake --build /home/van/rm_ws/build/listener_pkg -- -j32 -l32
[0.066s] [100%] Built target listener
[0.081s] Invoked command in '/home/van/rm_ws/build/listener_pkg' returned '0': CMAKE_PREFIX_PATH=${CMAKE_PREFIX_PATH}:/home/van/rm_ws/install/sentry_description:/home/van/rm_ws/install/listener_pkg:/home/van/dev_ws/install/learning_urdf:/home/van/dev_ws/install/learning_topic:/home/van/dev_ws/install/learning_tf:/home/van/dev_ws/install/learning_service:/home/van/dev_ws/install/learning_qos:/home/van/dev_ws/install/learning_pkg_python:/home/van/dev_ws/install/learning_parameter:/home/van/dev_ws/install/learning_node:/home/van/dev_ws/install/learning_launch:/home/van/dev_ws/install/learning_action:/home/van/dev_ws/install/learning_gazebo_fortress:/home/van/dev_ws/install/learning_gazebo:/home/van/dev_ws/install/learning_cv:/opt/ros/humble /usr/bin/cmake --build /home/van/rm_ws/build/listener_pkg -- -j32 -l32
[0.107s] Invoking command in '/home/van/rm_ws/build/listener_pkg': CMAKE_PREFIX_PATH=${CMAKE_PREFIX_PATH}:/home/van/rm_ws/install/sentry_description:/home/van/rm_ws/install/listener_pkg:/home/van/dev_ws/install/learning_urdf:/home/van/dev_ws/install/learning_topic:/home/van/dev_ws/install/learning_tf:/home/van/dev_ws/install/learning_service:/home/van/dev_ws/install/learning_qos:/home/van/dev_ws/install/learning_pkg_python:/home/van/dev_ws/install/learning_parameter:/home/van/dev_ws/install/learning_node:/home/van/dev_ws/install/learning_launch:/home/van/dev_ws/install/learning_action:/home/van/dev_ws/install/learning_gazebo_fortress:/home/van/dev_ws/install/learning_gazebo:/home/van/dev_ws/install/learning_cv:/opt/ros/humble /usr/bin/cmake --install /home/van/rm_ws/build/listener_pkg
[0.114s] -- Install configuration: ""
[0.114s] -- Up-to-date: /home/van/rm_ws/install/listener_pkg/lib/listener_pkg/listener
[0.114s] -- Up-to-date: /home/van/rm_ws/install/listener_pkg/share/ament_index/resource_index/package_run_dependencies/listener_pkg
[0.114s] -- Up-to-date: /home/van/rm_ws/install/listener_pkg/share/ament_index/resource_index/parent_prefix_path/listener_pkg
[0.114s] -- Up-to-date: /home/van/rm_ws/install/listener_pkg/share/listener_pkg/environment/ament_prefix_path.sh
[0.115s] -- Up-to-date: /home/van/rm_ws/install/listener_pkg/share/listener_pkg/environment/ament_prefix_path.dsv
[0.115s] -- Up-to-date: /home/van/rm_ws/install/listener_pkg/share/listener_pkg/environment/path.sh
[0.115s] -- Up-to-date: /home/van/rm_ws/install/listener_pkg/share/listener_pkg/environment/path.dsv
[0.115s] -- Up-to-date: /home/van/rm_ws/install/listener_pkg/share/listener_pkg/local_setup.bash
[0.115s] -- Up-to-date: /home/van/rm_ws/install/listener_pkg/share/listener_pkg/local_setup.sh
[0.115s] -- Up-to-date: /home/van/rm_ws/install/listener_pkg/share/listener_pkg/local_setup.zsh
[0.115s] -- Up-to-date: /home/van/rm_ws/install/listener_pkg/share/listener_pkg/local_setup.dsv
[0.115s] -- Up-to-date: /home/van/rm_ws/install/listener_pkg/share/listener_pkg/package.dsv
[0.115s] -- Up-to-date: /home/van/rm_ws/install/listener_pkg/share/ament_index/resource_index/packages/listener_pkg
[0.116s] -- Up-to-date: /home/van/rm_ws/install/listener_pkg/share/listener_pkg/cmake/listener_pkgConfig.cmake
[0.116s] -- Up-to-date: /home/van/rm_ws/install/listener_pkg/share/listener_pkg/cmake/listener_pkgConfig-version.cmake
[0.116s] -- Up-to-date: /home/van/rm_ws/install/listener_pkg/share/listener_pkg/package.xml
[0.118s] Invoked command in '/home/van/rm_ws/build/listener_pkg' returned '0': CMAKE_PREFIX_PATH=${CMAKE_PREFIX_PATH}:/home/van/rm_ws/install/sentry_description:/home/van/rm_ws/install/listener_pkg:/home/van/dev_ws/install/learning_urdf:/home/van/dev_ws/install/learning_topic:/home/van/dev_ws/install/learning_tf:/home/van/dev_ws/install/learning_service:/home/van/dev_ws/install/learning_qos:/home/van/dev_ws/install/learning_pkg_python:/home/van/dev_ws/install/learning_parameter:/home/van/dev_ws/install/learning_node:/home/van/dev_ws/install/learning_launch:/home/van/dev_ws/install/learning_action:/home/van/dev_ws/install/learning_gazebo_fortress:/home/van/dev_ws/install/learning_gazebo:/home/van/dev_ws/install/learning_cv:/opt/ros/humble /usr/bin/cmake --install /home/van/rm_ws/build/listener_pkg
