[0.026s] Invoking command in '/home/van/rm_ws/build/listener_pkg': CMAKE_PREFIX_PATH=${CMAKE_PREFIX_PATH}:/home/van/dev_ws/install/learning_urdf:/home/van/dev_ws/install/learning_topic:/home/van/dev_ws/install/learning_tf:/home/van/dev_ws/install/learning_service:/home/van/dev_ws/install/learning_qos:/home/van/dev_ws/install/learning_pkg_python:/home/van/dev_ws/install/learning_parameter:/home/van/dev_ws/install/learning_node:/home/van/dev_ws/install/learning_launch:/home/van/dev_ws/install/learning_action:/home/van/dev_ws/install/learning_gazebo_fortress:/home/van/dev_ws/install/learning_gazebo:/home/van/dev_ws/install/learning_cv:/opt/ros/humble /usr/bin/cmake --build /home/van/rm_ws/build/listener_pkg -- -j32 -l32
[0.089s] [35m[1mConsolidate compiler generated dependencies of target listener[0m
[0.109s] [ 50%] [32mBuilding CXX object CMakeFiles/listener.dir/src/listener.cpp.o[0m
[9.554s] [100%] [32m[1mLinking CXX executable listener[0m
[10.070s] [100%] Built target listener
[10.087s] Invoked command in '/home/van/rm_ws/build/listener_pkg' returned '0': CMAKE_PREFIX_PATH=${CMAKE_PREFIX_PATH}:/home/van/dev_ws/install/learning_urdf:/home/van/dev_ws/install/learning_topic:/home/van/dev_ws/install/learning_tf:/home/van/dev_ws/install/learning_service:/home/van/dev_ws/install/learning_qos:/home/van/dev_ws/install/learning_pkg_python:/home/van/dev_ws/install/learning_parameter:/home/van/dev_ws/install/learning_node:/home/van/dev_ws/install/learning_launch:/home/van/dev_ws/install/learning_action:/home/van/dev_ws/install/learning_gazebo_fortress:/home/van/dev_ws/install/learning_gazebo:/home/van/dev_ws/install/learning_cv:/opt/ros/humble /usr/bin/cmake --build /home/van/rm_ws/build/listener_pkg -- -j32 -l32
[10.141s] Invoking command in '/home/van/rm_ws/build/listener_pkg': CMAKE_PREFIX_PATH=${CMAKE_PREFIX_PATH}:/home/van/dev_ws/install/learning_urdf:/home/van/dev_ws/install/learning_topic:/home/van/dev_ws/install/learning_tf:/home/van/dev_ws/install/learning_service:/home/van/dev_ws/install/learning_qos:/home/van/dev_ws/install/learning_pkg_python:/home/van/dev_ws/install/learning_parameter:/home/van/dev_ws/install/learning_node:/home/van/dev_ws/install/learning_launch:/home/van/dev_ws/install/learning_action:/home/van/dev_ws/install/learning_gazebo_fortress:/home/van/dev_ws/install/learning_gazebo:/home/van/dev_ws/install/learning_cv:/opt/ros/humble /usr/bin/cmake --install /home/van/rm_ws/build/listener_pkg
[10.149s] -- Install configuration: ""
[10.149s] -- Installing: /home/van/rm_ws/install/listener_pkg/lib/listener_pkg/listener
[10.155s] -- Set runtime path of "/home/van/rm_ws/install/listener_pkg/lib/listener_pkg/listener" to ""
[10.155s] -- Up-to-date: /home/van/rm_ws/install/listener_pkg/share/ament_index/resource_index/package_run_dependencies/listener_pkg
[10.155s] -- Up-to-date: /home/van/rm_ws/install/listener_pkg/share/ament_index/resource_index/parent_prefix_path/listener_pkg
[10.156s] -- Up-to-date: /home/van/rm_ws/install/listener_pkg/share/listener_pkg/environment/ament_prefix_path.sh
[10.156s] -- Up-to-date: /home/van/rm_ws/install/listener_pkg/share/listener_pkg/environment/ament_prefix_path.dsv
[10.156s] -- Up-to-date: /home/van/rm_ws/install/listener_pkg/share/listener_pkg/environment/path.sh
[10.156s] -- Up-to-date: /home/van/rm_ws/install/listener_pkg/share/listener_pkg/environment/path.dsv
[10.156s] -- Up-to-date: /home/van/rm_ws/install/listener_pkg/share/listener_pkg/local_setup.bash
[10.156s] -- Up-to-date: /home/van/rm_ws/install/listener_pkg/share/listener_pkg/local_setup.sh
[10.156s] -- Up-to-date: /home/van/rm_ws/install/listener_pkg/share/listener_pkg/local_setup.zsh
[10.156s] -- Up-to-date: /home/van/rm_ws/install/listener_pkg/share/listener_pkg/local_setup.dsv
[10.156s] -- Installing: /home/van/rm_ws/install/listener_pkg/share/listener_pkg/package.dsv
[10.156s] -- Up-to-date: /home/van/rm_ws/install/listener_pkg/share/ament_index/resource_index/packages/listener_pkg
[10.156s] -- Up-to-date: /home/van/rm_ws/install/listener_pkg/share/listener_pkg/cmake/listener_pkgConfig.cmake
[10.156s] -- Up-to-date: /home/van/rm_ws/install/listener_pkg/share/listener_pkg/cmake/listener_pkgConfig-version.cmake
[10.156s] -- Up-to-date: /home/van/rm_ws/install/listener_pkg/share/listener_pkg/package.xml
[10.159s] Invoked command in '/home/van/rm_ws/build/listener_pkg' returned '0': CMAKE_PREFIX_PATH=${CMAKE_PREFIX_PATH}:/home/van/dev_ws/install/learning_urdf:/home/van/dev_ws/install/learning_topic:/home/van/dev_ws/install/learning_tf:/home/van/dev_ws/install/learning_service:/home/van/dev_ws/install/learning_qos:/home/van/dev_ws/install/learning_pkg_python:/home/van/dev_ws/install/learning_parameter:/home/van/dev_ws/install/learning_node:/home/van/dev_ws/install/learning_launch:/home/van/dev_ws/install/learning_action:/home/van/dev_ws/install/learning_gazebo_fortress:/home/van/dev_ws/install/learning_gazebo:/home/van/dev_ws/install/learning_cv:/opt/ros/humble /usr/bin/cmake --install /home/van/rm_ws/build/listener_pkg
