[0.006s] Invoking command in '/home/van/rm_ws/build/sentry_description': CMAKE_PREFIX_PATH=${CMAKE_PREFIX_PATH}:/home/van/dev_ws/install/learning_urdf:/home/van/dev_ws/install/learning_topic:/home/van/dev_ws/install/learning_tf:/home/van/dev_ws/install/learning_service:/home/van/dev_ws/install/learning_qos:/home/van/dev_ws/install/learning_pkg_python:/home/van/dev_ws/install/learning_parameter:/home/van/dev_ws/install/learning_node:/home/van/dev_ws/install/learning_launch:/home/van/dev_ws/install/learning_action:/home/van/dev_ws/install/learning_gazebo_fortress:/home/van/dev_ws/install/learning_gazebo:/home/van/dev_ws/install/learning_cv:/opt/ros/humble /usr/bin/cmake /home/van/rm_ws/src/sentry_description -DCMAKE_INSTALL_PREFIX=/home/van/rm_ws/install/sentry_description
[0.065s] -- The C compiler identification is GNU 11.4.0
[0.119s] -- The CXX compiler identification is GNU 11.4.0
[0.123s] -- Detecting C compiler ABI info
[0.182s] -- Detecting C compiler ABI info - done
[0.192s] -- Check for working C compiler: /usr/bin/cc - skipped
[0.192s] -- Detecting C compile features
[0.192s] -- Detecting C compile features - done
[0.196s] -- Detecting CXX compiler ABI info
[0.272s] -- Detecting CXX compiler ABI info - done
[0.279s] -- Check for working CXX compiler: /usr/bin/c++ - skipped
[0.280s] -- Detecting CXX compile features
[0.280s] -- Detecting CXX compile features - done
[0.284s] -- Found ament_cmake: 1.3.10 (/opt/ros/humble/share/ament_cmake/cmake)
[0.406s] -- Found Python3: /usr/bin/python3 (found version "3.10.12") found components: Interpreter 
[0.474s] -- Found ament_lint_auto: 0.12.11 (/opt/ros/humble/share/ament_lint_auto/cmake)
[0.536s] -- Added test 'copyright' to check source files copyright and LICENSE
[0.537s] -- Added test 'flake8' to check Python code syntax and style conventions
[0.537s] -- Added test 'lint_cmake' to check CMake code style
[0.538s] -- Added test 'pep257' to check Python code against some of the docstring style conventions in PEP 257
[0.538s] -- Added test 'xmllint' to check XML markup files
[0.539s] -- Configuring done
[0.540s] -- Generating done
[0.540s] -- Build files have been written to: /home/van/rm_ws/build/sentry_description
[0.544s] Invoked command in '/home/van/rm_ws/build/sentry_description' returned '0': CMAKE_PREFIX_PATH=${CMAKE_PREFIX_PATH}:/home/van/dev_ws/install/learning_urdf:/home/van/dev_ws/install/learning_topic:/home/van/dev_ws/install/learning_tf:/home/van/dev_ws/install/learning_service:/home/van/dev_ws/install/learning_qos:/home/van/dev_ws/install/learning_pkg_python:/home/van/dev_ws/install/learning_parameter:/home/van/dev_ws/install/learning_node:/home/van/dev_ws/install/learning_launch:/home/van/dev_ws/install/learning_action:/home/van/dev_ws/install/learning_gazebo_fortress:/home/van/dev_ws/install/learning_gazebo:/home/van/dev_ws/install/learning_cv:/opt/ros/humble /usr/bin/cmake /home/van/rm_ws/src/sentry_description -DCMAKE_INSTALL_PREFIX=/home/van/rm_ws/install/sentry_description
[0.544s] Invoking command in '/home/van/rm_ws/build/sentry_description': CMAKE_PREFIX_PATH=${CMAKE_PREFIX_PATH}:/home/van/dev_ws/install/learning_urdf:/home/van/dev_ws/install/learning_topic:/home/van/dev_ws/install/learning_tf:/home/van/dev_ws/install/learning_service:/home/van/dev_ws/install/learning_qos:/home/van/dev_ws/install/learning_pkg_python:/home/van/dev_ws/install/learning_parameter:/home/van/dev_ws/install/learning_node:/home/van/dev_ws/install/learning_launch:/home/van/dev_ws/install/learning_action:/home/van/dev_ws/install/learning_gazebo_fortress:/home/van/dev_ws/install/learning_gazebo:/home/van/dev_ws/install/learning_cv:/opt/ros/humble /usr/bin/cmake --build /home/van/rm_ws/build/sentry_description -- -j32 -l32
[0.577s] Invoked command in '/home/van/rm_ws/build/sentry_description' returned '0': CMAKE_PREFIX_PATH=${CMAKE_PREFIX_PATH}:/home/van/dev_ws/install/learning_urdf:/home/van/dev_ws/install/learning_topic:/home/van/dev_ws/install/learning_tf:/home/van/dev_ws/install/learning_service:/home/van/dev_ws/install/learning_qos:/home/van/dev_ws/install/learning_pkg_python:/home/van/dev_ws/install/learning_parameter:/home/van/dev_ws/install/learning_node:/home/van/dev_ws/install/learning_launch:/home/van/dev_ws/install/learning_action:/home/van/dev_ws/install/learning_gazebo_fortress:/home/van/dev_ws/install/learning_gazebo:/home/van/dev_ws/install/learning_cv:/opt/ros/humble /usr/bin/cmake --build /home/van/rm_ws/build/sentry_description -- -j32 -l32
[0.610s] Invoking command in '/home/van/rm_ws/build/sentry_description': CMAKE_PREFIX_PATH=${CMAKE_PREFIX_PATH}:/home/van/dev_ws/install/learning_urdf:/home/van/dev_ws/install/learning_topic:/home/van/dev_ws/install/learning_tf:/home/van/dev_ws/install/learning_service:/home/van/dev_ws/install/learning_qos:/home/van/dev_ws/install/learning_pkg_python:/home/van/dev_ws/install/learning_parameter:/home/van/dev_ws/install/learning_node:/home/van/dev_ws/install/learning_launch:/home/van/dev_ws/install/learning_action:/home/van/dev_ws/install/learning_gazebo_fortress:/home/van/dev_ws/install/learning_gazebo:/home/van/dev_ws/install/learning_cv:/opt/ros/humble /usr/bin/cmake --install /home/van/rm_ws/build/sentry_description
[0.616s] -- Install configuration: ""
[0.616s] -- Installing: /home/van/rm_ws/install/sentry_description/share/sentry_description/launch
[0.616s] -- Installing: /home/van/rm_ws/install/sentry_description/share/sentry_description/launch/view_model.launch.py
[0.616s] -- Installing: /home/van/rm_ws/install/sentry_description/share/sentry_description/launch/view_model.rviz
[0.617s] -- Installing: /home/van/rm_ws/install/sentry_description/share/sentry_description/meshes
[0.617s] -- Installing: /home/van/rm_ws/install/sentry_description/share/sentry_description/meshes/shoot_link.STL
[0.618s] -- Installing: /home/van/rm_ws/install/sentry_description/share/sentry_description/meshes/gimbal_odom.STL
[0.618s] -- Installing: /home/van/rm_ws/install/sentry_description/share/sentry_description/meshes/usb_camera_b_link.STL
[0.618s] -- Installing: /home/van/rm_ws/install/sentry_description/share/sentry_description/meshes/camera_link.STL
[0.619s] -- Installing: /home/van/rm_ws/install/sentry_description/share/sentry_description/meshes/pitch_link.STL
[0.620s] -- Installing: /home/van/rm_ws/install/sentry_description/share/sentry_description/meshes/base_link.STL
[0.620s] -- Installing: /home/van/rm_ws/install/sentry_description/share/sentry_description/meshes/usb_camera_a_link.STL
[0.620s] -- Installing: /home/van/rm_ws/install/sentry_description/share/sentry_description/meshes/lidar_link.STL
[0.625s] -- Installing: /home/van/rm_ws/install/sentry_description/share/sentry_description/meshes/yaw_link.STL
[0.626s] -- Installing: /home/van/rm_ws/install/sentry_description/share/sentry_description/urdf
[0.626s] -- Installing: /home/van/rm_ws/install/sentry_description/share/sentry_description/urdf/sentry_description.urdf
[0.626s] -- Installing: /home/van/rm_ws/install/sentry_description/share/ament_index/resource_index/package_run_dependencies/sentry_description
[0.626s] -- Installing: /home/van/rm_ws/install/sentry_description/share/ament_index/resource_index/parent_prefix_path/sentry_description
[0.626s] -- Installing: /home/van/rm_ws/install/sentry_description/share/sentry_description/environment/ament_prefix_path.sh
[0.626s] -- Installing: /home/van/rm_ws/install/sentry_description/share/sentry_description/environment/ament_prefix_path.dsv
[0.627s] -- Installing: /home/van/rm_ws/install/sentry_description/share/sentry_description/environment/path.sh
[0.627s] -- Installing: /home/van/rm_ws/install/sentry_description/share/sentry_description/environment/path.dsv
[0.627s] -- Installing: /home/van/rm_ws/install/sentry_description/share/sentry_description/local_setup.bash
[0.627s] -- Installing: /home/van/rm_ws/install/sentry_description/share/sentry_description/local_setup.sh
[0.627s] -- Installing: /home/van/rm_ws/install/sentry_description/share/sentry_description/local_setup.zsh
[0.627s] -- Installing: /home/van/rm_ws/install/sentry_description/share/sentry_description/local_setup.dsv
[0.627s] -- Installing: /home/van/rm_ws/install/sentry_description/share/sentry_description/package.dsv
[0.627s] -- Installing: /home/van/rm_ws/install/sentry_description/share/ament_index/resource_index/packages/sentry_description
[0.627s] -- Installing: /home/van/rm_ws/install/sentry_description/share/sentry_description/cmake/sentry_descriptionConfig.cmake
[0.627s] -- Installing: /home/van/rm_ws/install/sentry_description/share/sentry_description/cmake/sentry_descriptionConfig-version.cmake
[0.627s] -- Installing: /home/van/rm_ws/install/sentry_description/share/sentry_description/package.xml
[0.629s] Invoked command in '/home/van/rm_ws/build/sentry_description' returned '0': CMAKE_PREFIX_PATH=${CMAKE_PREFIX_PATH}:/home/van/dev_ws/install/learning_urdf:/home/van/dev_ws/install/learning_topic:/home/van/dev_ws/install/learning_tf:/home/van/dev_ws/install/learning_service:/home/van/dev_ws/install/learning_qos:/home/van/dev_ws/install/learning_pkg_python:/home/van/dev_ws/install/learning_parameter:/home/van/dev_ws/install/learning_node:/home/van/dev_ws/install/learning_launch:/home/van/dev_ws/install/learning_action:/home/van/dev_ws/install/learning_gazebo_fortress:/home/van/dev_ws/install/learning_gazebo:/home/van/dev_ws/install/learning_cv:/opt/ros/humble /usr/bin/cmake --install /home/van/rm_ws/build/sentry_description
