[0.009s] Invoking command in '/home/van/rm_ws/build/listener_pkg': CMAKE_PREFIX_PATH=${CMAKE_PREFIX_PATH}:/home/van/dev_ws/install/learning_urdf:/home/van/dev_ws/install/learning_topic:/home/van/dev_ws/install/learning_tf:/home/van/dev_ws/install/learning_service:/home/van/dev_ws/install/learning_qos:/home/van/dev_ws/install/learning_pkg_python:/home/van/dev_ws/install/learning_parameter:/home/van/dev_ws/install/learning_node:/home/van/dev_ws/install/learning_launch:/home/van/dev_ws/install/learning_action:/home/van/dev_ws/install/learning_gazebo_fortress:/home/van/dev_ws/install/learning_gazebo:/home/van/dev_ws/install/learning_cv:/opt/ros/humble /usr/bin/cmake --build /home/van/rm_ws/build/listener_pkg -- -j32 -l32
[0.042s] [35m[1mConsolidate compiler generated dependencies of target listener[0m
[0.052s] [ 50%] [32mBuilding CXX object CMakeFiles/listener.dir/src/listener.cpp.o[0m
[3.590s] [100%] [32m[1mLinking CXX executable listener[0m
[3.832s] [100%] Built target listener
[3.839s] Invoked command in '/home/van/rm_ws/build/listener_pkg' returned '0': CMAKE_PREFIX_PATH=${CMAKE_PREFIX_PATH}:/home/van/dev_ws/install/learning_urdf:/home/van/dev_ws/install/learning_topic:/home/van/dev_ws/install/learning_tf:/home/van/dev_ws/install/learning_service:/home/van/dev_ws/install/learning_qos:/home/van/dev_ws/install/learning_pkg_python:/home/van/dev_ws/install/learning_parameter:/home/van/dev_ws/install/learning_node:/home/van/dev_ws/install/learning_launch:/home/van/dev_ws/install/learning_action:/home/van/dev_ws/install/learning_gazebo_fortress:/home/van/dev_ws/install/learning_gazebo:/home/van/dev_ws/install/learning_cv:/opt/ros/humble /usr/bin/cmake --build /home/van/rm_ws/build/listener_pkg -- -j32 -l32
[3.871s] Invoking command in '/home/van/rm_ws/build/listener_pkg': CMAKE_PREFIX_PATH=${CMAKE_PREFIX_PATH}:/home/van/dev_ws/install/learning_urdf:/home/van/dev_ws/install/learning_topic:/home/van/dev_ws/install/learning_tf:/home/van/dev_ws/install/learning_service:/home/van/dev_ws/install/learning_qos:/home/van/dev_ws/install/learning_pkg_python:/home/van/dev_ws/install/learning_parameter:/home/van/dev_ws/install/learning_node:/home/van/dev_ws/install/learning_launch:/home/van/dev_ws/install/learning_action:/home/van/dev_ws/install/learning_gazebo_fortress:/home/van/dev_ws/install/learning_gazebo:/home/van/dev_ws/install/learning_cv:/opt/ros/humble /usr/bin/cmake --install /home/van/rm_ws/build/listener_pkg
[3.879s] -- Install configuration: ""
[3.879s] -- Installing: /home/van/rm_ws/install/listener_pkg/lib/listener_pkg/listener
[3.882s] -- Set runtime path of "/home/van/rm_ws/install/listener_pkg/lib/listener_pkg/listener" to ""
[3.882s] -- Installing: /home/van/rm_ws/install/listener_pkg/share/ament_index/resource_index/package_run_dependencies/listener_pkg
[3.882s] -- Installing: /home/van/rm_ws/install/listener_pkg/share/ament_index/resource_index/parent_prefix_path/listener_pkg
[3.883s] -- Installing: /home/van/rm_ws/install/listener_pkg/share/listener_pkg/environment/ament_prefix_path.sh
[3.883s] -- Installing: /home/van/rm_ws/install/listener_pkg/share/listener_pkg/environment/ament_prefix_path.dsv
[3.883s] -- Installing: /home/van/rm_ws/install/listener_pkg/share/listener_pkg/environment/path.sh
[3.883s] -- Installing: /home/van/rm_ws/install/listener_pkg/share/listener_pkg/environment/path.dsv
[3.883s] -- Installing: /home/van/rm_ws/install/listener_pkg/share/listener_pkg/local_setup.bash
[3.883s] -- Installing: /home/van/rm_ws/install/listener_pkg/share/listener_pkg/local_setup.sh
[3.883s] -- Installing: /home/van/rm_ws/install/listener_pkg/share/listener_pkg/local_setup.zsh
[3.883s] -- Installing: /home/van/rm_ws/install/listener_pkg/share/listener_pkg/local_setup.dsv
[3.884s] -- Installing: /home/van/rm_ws/install/listener_pkg/share/listener_pkg/package.dsv
[3.884s] -- Installing: /home/van/rm_ws/install/listener_pkg/share/ament_index/resource_index/packages/listener_pkg
[3.884s] -- Installing: /home/van/rm_ws/install/listener_pkg/share/listener_pkg/cmake/listener_pkgConfig.cmake
[3.884s] -- Installing: /home/van/rm_ws/install/listener_pkg/share/listener_pkg/cmake/listener_pkgConfig-version.cmake
[3.884s] -- Installing: /home/van/rm_ws/install/listener_pkg/share/listener_pkg/package.xml
[3.885s] Invoked command in '/home/van/rm_ws/build/listener_pkg' returned '0': CMAKE_PREFIX_PATH=${CMAKE_PREFIX_PATH}:/home/van/dev_ws/install/learning_urdf:/home/van/dev_ws/install/learning_topic:/home/van/dev_ws/install/learning_tf:/home/van/dev_ws/install/learning_service:/home/van/dev_ws/install/learning_qos:/home/van/dev_ws/install/learning_pkg_python:/home/van/dev_ws/install/learning_parameter:/home/van/dev_ws/install/learning_node:/home/van/dev_ws/install/learning_launch:/home/van/dev_ws/install/learning_action:/home/van/dev_ws/install/learning_gazebo_fortress:/home/van/dev_ws/install/learning_gazebo:/home/van/dev_ws/install/learning_cv:/opt/ros/humble /usr/bin/cmake --install /home/van/rm_ws/build/listener_pkg
