-- Install configuration: ""
-- Up-to-date: /home/van/rm_ws/install/sentry_description/share/sentry_description/launch
-- Up-to-date: /home/van/rm_ws/install/sentry_description/share/sentry_description/launch/view_model.launch.py
-- Up-to-date: /home/van/rm_ws/install/sentry_description/share/sentry_description/launch/view_model.rviz
-- Up-to-date: /home/van/rm_ws/install/sentry_description/share/sentry_description/meshes
-- Up-to-date: /home/van/rm_ws/install/sentry_description/share/sentry_description/meshes/shoot_link.STL
-- Up-to-date: /home/van/rm_ws/install/sentry_description/share/sentry_description/meshes/gimbal_odom.STL
-- Up-to-date: /home/van/rm_ws/install/sentry_description/share/sentry_description/meshes/usb_camera_b_link.STL
-- Up-to-date: /home/van/rm_ws/install/sentry_description/share/sentry_description/meshes/camera_link.STL
-- Up-to-date: /home/van/rm_ws/install/sentry_description/share/sentry_description/meshes/pitch_link.STL
-- Up-to-date: /home/van/rm_ws/install/sentry_description/share/sentry_description/meshes/base_link.STL
-- Up-to-date: /home/van/rm_ws/install/sentry_description/share/sentry_description/meshes/usb_camera_a_link.STL
-- Up-to-date: /home/van/rm_ws/install/sentry_description/share/sentry_description/meshes/lidar_link.STL
-- Up-to-date: /home/van/rm_ws/install/sentry_description/share/sentry_description/meshes/yaw_link.STL
-- Up-to-date: /home/van/rm_ws/install/sentry_description/share/sentry_description/urdf
-- Up-to-date: /home/van/rm_ws/install/sentry_description/share/sentry_description/urdf/sentry_description.urdf
-- Up-to-date: /home/van/rm_ws/install/sentry_description/share/ament_index/resource_index/package_run_dependencies/sentry_description
-- Up-to-date: /home/van/rm_ws/install/sentry_description/share/ament_index/resource_index/parent_prefix_path/sentry_description
-- Up-to-date: /home/van/rm_ws/install/sentry_description/share/sentry_description/environment/ament_prefix_path.sh
-- Up-to-date: /home/van/rm_ws/install/sentry_description/share/sentry_description/environment/ament_prefix_path.dsv
-- Up-to-date: /home/van/rm_ws/install/sentry_description/share/sentry_description/environment/path.sh
-- Up-to-date: /home/van/rm_ws/install/sentry_description/share/sentry_description/environment/path.dsv
-- Up-to-date: /home/van/rm_ws/install/sentry_description/share/sentry_description/local_setup.bash
-- Up-to-date: /home/van/rm_ws/install/sentry_description/share/sentry_description/local_setup.sh
-- Up-to-date: /home/van/rm_ws/install/sentry_description/share/sentry_description/local_setup.zsh
-- Up-to-date: /home/van/rm_ws/install/sentry_description/share/sentry_description/local_setup.dsv
-- Installing: /home/van/rm_ws/install/sentry_description/share/sentry_description/package.dsv
-- Up-to-date: /home/van/rm_ws/install/sentry_description/share/ament_index/resource_index/packages/sentry_description
-- Up-to-date: /home/van/rm_ws/install/sentry_description/share/sentry_description/cmake/sentry_descriptionConfig.cmake
-- Up-to-date: /home/van/rm_ws/install/sentry_description/share/sentry_description/cmake/sentry_descriptionConfig-version.cmake
-- Up-to-date: /home/van/rm_ws/install/sentry_description/share/sentry_description/package.xml
