[0.028s] Invoking command in '/home/van/rm_ws/build/cpp_pubsub': CMAKE_PREFIX_PATH=${CMAKE_PREFIX_PATH}:/home/van/dev_ws/install/learning_urdf:/home/van/dev_ws/install/learning_topic:/home/van/dev_ws/install/learning_tf:/home/van/dev_ws/install/learning_service:/home/van/dev_ws/install/learning_qos:/home/van/dev_ws/install/learning_pkg_python:/home/van/dev_ws/install/learning_parameter:/home/van/dev_ws/install/learning_node:/home/van/dev_ws/install/learning_launch:/home/van/dev_ws/install/learning_action:/home/van/dev_ws/install/learning_gazebo_fortress:/home/van/dev_ws/install/learning_gazebo:/home/van/dev_ws/install/learning_cv:/opt/ros/humble /usr/bin/cmake --build /home/van/rm_ws/build/cpp_pubsub -- -j32 -l32
[0.107s] [100%] Built target listener
[0.120s] Invoked command in '/home/van/rm_ws/build/cpp_pubsub' returned '0': CMAKE_PREFIX_PATH=${CMAKE_PREFIX_PATH}:/home/van/dev_ws/install/learning_urdf:/home/van/dev_ws/install/learning_topic:/home/van/dev_ws/install/learning_tf:/home/van/dev_ws/install/learning_service:/home/van/dev_ws/install/learning_qos:/home/van/dev_ws/install/learning_pkg_python:/home/van/dev_ws/install/learning_parameter:/home/van/dev_ws/install/learning_node:/home/van/dev_ws/install/learning_launch:/home/van/dev_ws/install/learning_action:/home/van/dev_ws/install/learning_gazebo_fortress:/home/van/dev_ws/install/learning_gazebo:/home/van/dev_ws/install/learning_cv:/opt/ros/humble /usr/bin/cmake --build /home/van/rm_ws/build/cpp_pubsub -- -j32 -l32
[0.178s] Invoking command in '/home/van/rm_ws/build/cpp_pubsub': CMAKE_PREFIX_PATH=${CMAKE_PREFIX_PATH}:/home/van/dev_ws/install/learning_urdf:/home/van/dev_ws/install/learning_topic:/home/van/dev_ws/install/learning_tf:/home/van/dev_ws/install/learning_service:/home/van/dev_ws/install/learning_qos:/home/van/dev_ws/install/learning_pkg_python:/home/van/dev_ws/install/learning_parameter:/home/van/dev_ws/install/learning_node:/home/van/dev_ws/install/learning_launch:/home/van/dev_ws/install/learning_action:/home/van/dev_ws/install/learning_gazebo_fortress:/home/van/dev_ws/install/learning_gazebo:/home/van/dev_ws/install/learning_cv:/opt/ros/humble /usr/bin/cmake --install /home/van/rm_ws/build/cpp_pubsub
[0.186s] -- Install configuration: ""
[0.187s] -- Up-to-date: /home/van/rm_ws/install/cpp_pubsub/lib/cpp_pubsub/listener
[0.187s] -- Up-to-date: /home/van/rm_ws/install/cpp_pubsub/share/ament_index/resource_index/package_run_dependencies/cpp_pubsub
[0.187s] -- Up-to-date: /home/van/rm_ws/install/cpp_pubsub/share/ament_index/resource_index/parent_prefix_path/cpp_pubsub
[0.187s] -- Up-to-date: /home/van/rm_ws/install/cpp_pubsub/share/cpp_pubsub/environment/ament_prefix_path.sh
[0.187s] -- Up-to-date: /home/van/rm_ws/install/cpp_pubsub/share/cpp_pubsub/environment/ament_prefix_path.dsv
[0.187s] -- Up-to-date: /home/van/rm_ws/install/cpp_pubsub/share/cpp_pubsub/environment/path.sh
[0.187s] -- Up-to-date: /home/van/rm_ws/install/cpp_pubsub/share/cpp_pubsub/environment/path.dsv
[0.187s] -- Up-to-date: /home/van/rm_ws/install/cpp_pubsub/share/cpp_pubsub/local_setup.bash
[0.187s] -- Up-to-date: /home/van/rm_ws/install/cpp_pubsub/share/cpp_pubsub/local_setup.sh
[0.187s] -- Up-to-date: /home/van/rm_ws/install/cpp_pubsub/share/cpp_pubsub/local_setup.zsh
[0.187s] -- Up-to-date: /home/van/rm_ws/install/cpp_pubsub/share/cpp_pubsub/local_setup.dsv
[0.187s] -- Installing: /home/van/rm_ws/install/cpp_pubsub/share/cpp_pubsub/package.dsv
[0.187s] -- Up-to-date: /home/van/rm_ws/install/cpp_pubsub/share/ament_index/resource_index/packages/cpp_pubsub
[0.187s] -- Up-to-date: /home/van/rm_ws/install/cpp_pubsub/share/cpp_pubsub/cmake/cpp_pubsubConfig.cmake
[0.187s] -- Up-to-date: /home/van/rm_ws/install/cpp_pubsub/share/cpp_pubsub/cmake/cpp_pubsubConfig-version.cmake
[0.187s] -- Up-to-date: /home/van/rm_ws/install/cpp_pubsub/share/cpp_pubsub/package.xml
[0.202s] Invoked command in '/home/van/rm_ws/build/cpp_pubsub' returned '0': CMAKE_PREFIX_PATH=${CMAKE_PREFIX_PATH}:/home/van/dev_ws/install/learning_urdf:/home/van/dev_ws/install/learning_topic:/home/van/dev_ws/install/learning_tf:/home/van/dev_ws/install/learning_service:/home/van/dev_ws/install/learning_qos:/home/van/dev_ws/install/learning_pkg_python:/home/van/dev_ws/install/learning_parameter:/home/van/dev_ws/install/learning_node:/home/van/dev_ws/install/learning_launch:/home/van/dev_ws/install/learning_action:/home/van/dev_ws/install/learning_gazebo_fortress:/home/van/dev_ws/install/learning_gazebo:/home/van/dev_ws/install/learning_cv:/opt/ros/humble /usr/bin/cmake --install /home/van/rm_ws/build/cpp_pubsub
