[0.025s] Invoking command in '/home/van/rm_ws/build/cpp_pubsub': CMAKE_PREFIX_PATH=${CMAKE_PREFIX_PATH}:/home/van/dev_ws/install/learning_urdf:/home/van/dev_ws/install/learning_topic:/home/van/dev_ws/install/learning_tf:/home/van/dev_ws/install/learning_service:/home/van/dev_ws/install/learning_qos:/home/van/dev_ws/install/learning_pkg_python:/home/van/dev_ws/install/learning_parameter:/home/van/dev_ws/install/learning_node:/home/van/dev_ws/install/learning_launch:/home/van/dev_ws/install/learning_action:/home/van/dev_ws/install/learning_gazebo_fortress:/home/van/dev_ws/install/learning_gazebo:/home/van/dev_ws/install/learning_cv:/opt/ros/humble /usr/bin/cmake --build /home/van/rm_ws/build/cpp_pubsub -- -j32 -l32
[0.086s] [35m[1mConsolidate compiler generated dependencies of target listener[0m
[0.110s] [ 50%] [32mBuilding CXX object CMakeFiles/listener.dir/src/fps.cpp.o[0m
[11.372s] [100%] [32m[1mLinking CXX executable listener[0m
[11.658s] /usr/bin/ld: warning: libopencv_imgcodecs.so.4.5d, needed by /opt/ros/humble/lib/libcv_bridge.so, may conflict with libopencv_imgcodecs.so.4.5
[11.658s] /usr/bin/ld: warning: libopencv_imgproc.so.4.5d, needed by /opt/ros/humble/lib/libcv_bridge.so, may conflict with libopencv_imgproc.so.4.5
[11.659s] /usr/bin/ld: warning: libopencv_core.so.4.5d, needed by /opt/ros/humble/lib/libcv_bridge.so, may conflict with libopencv_core.so.4.5
[12.150s] [100%] Built target listener
[12.162s] Invoked command in '/home/van/rm_ws/build/cpp_pubsub' returned '0': CMAKE_PREFIX_PATH=${CMAKE_PREFIX_PATH}:/home/van/dev_ws/install/learning_urdf:/home/van/dev_ws/install/learning_topic:/home/van/dev_ws/install/learning_tf:/home/van/dev_ws/install/learning_service:/home/van/dev_ws/install/learning_qos:/home/van/dev_ws/install/learning_pkg_python:/home/van/dev_ws/install/learning_parameter:/home/van/dev_ws/install/learning_node:/home/van/dev_ws/install/learning_launch:/home/van/dev_ws/install/learning_action:/home/van/dev_ws/install/learning_gazebo_fortress:/home/van/dev_ws/install/learning_gazebo:/home/van/dev_ws/install/learning_cv:/opt/ros/humble /usr/bin/cmake --build /home/van/rm_ws/build/cpp_pubsub -- -j32 -l32
[12.213s] Invoking command in '/home/van/rm_ws/build/cpp_pubsub': CMAKE_PREFIX_PATH=${CMAKE_PREFIX_PATH}:/home/van/dev_ws/install/learning_urdf:/home/van/dev_ws/install/learning_topic:/home/van/dev_ws/install/learning_tf:/home/van/dev_ws/install/learning_service:/home/van/dev_ws/install/learning_qos:/home/van/dev_ws/install/learning_pkg_python:/home/van/dev_ws/install/learning_parameter:/home/van/dev_ws/install/learning_node:/home/van/dev_ws/install/learning_launch:/home/van/dev_ws/install/learning_action:/home/van/dev_ws/install/learning_gazebo_fortress:/home/van/dev_ws/install/learning_gazebo:/home/van/dev_ws/install/learning_cv:/opt/ros/humble /usr/bin/cmake --install /home/van/rm_ws/build/cpp_pubsub
[12.228s] -- Install configuration: ""
[12.228s] -- Installing: /home/van/rm_ws/install/cpp_pubsub/lib/cpp_pubsub/listener
[12.231s] -- Set runtime path of "/home/van/rm_ws/install/cpp_pubsub/lib/cpp_pubsub/listener" to ""
[12.231s] -- Up-to-date: /home/van/rm_ws/install/cpp_pubsub/share/ament_index/resource_index/package_run_dependencies/cpp_pubsub
[12.231s] -- Up-to-date: /home/van/rm_ws/install/cpp_pubsub/share/ament_index/resource_index/parent_prefix_path/cpp_pubsub
[12.231s] -- Up-to-date: /home/van/rm_ws/install/cpp_pubsub/share/cpp_pubsub/environment/ament_prefix_path.sh
[12.231s] -- Up-to-date: /home/van/rm_ws/install/cpp_pubsub/share/cpp_pubsub/environment/ament_prefix_path.dsv
[12.231s] -- Up-to-date: /home/van/rm_ws/install/cpp_pubsub/share/cpp_pubsub/environment/path.sh
[12.231s] -- Up-to-date: /home/van/rm_ws/install/cpp_pubsub/share/cpp_pubsub/environment/path.dsv
[12.232s] -- Up-to-date: /home/van/rm_ws/install/cpp_pubsub/share/cpp_pubsub/local_setup.bash
[12.232s] -- Up-to-date: /home/van/rm_ws/install/cpp_pubsub/share/cpp_pubsub/local_setup.sh
[12.232s] -- Up-to-date: /home/van/rm_ws/install/cpp_pubsub/share/cpp_pubsub/local_setup.zsh
[12.232s] -- Up-to-date: /home/van/rm_ws/install/cpp_pubsub/share/cpp_pubsub/local_setup.dsv
[12.232s] -- Installing: /home/van/rm_ws/install/cpp_pubsub/share/cpp_pubsub/package.dsv
[12.232s] -- Up-to-date: /home/van/rm_ws/install/cpp_pubsub/share/ament_index/resource_index/packages/cpp_pubsub
[12.232s] -- Up-to-date: /home/van/rm_ws/install/cpp_pubsub/share/cpp_pubsub/cmake/cpp_pubsubConfig.cmake
[12.232s] -- Up-to-date: /home/van/rm_ws/install/cpp_pubsub/share/cpp_pubsub/cmake/cpp_pubsubConfig-version.cmake
[12.232s] -- Up-to-date: /home/van/rm_ws/install/cpp_pubsub/share/cpp_pubsub/package.xml
[12.234s] Invoked command in '/home/van/rm_ws/build/cpp_pubsub' returned '0': CMAKE_PREFIX_PATH=${CMAKE_PREFIX_PATH}:/home/van/dev_ws/install/learning_urdf:/home/van/dev_ws/install/learning_topic:/home/van/dev_ws/install/learning_tf:/home/van/dev_ws/install/learning_service:/home/van/dev_ws/install/learning_qos:/home/van/dev_ws/install/learning_pkg_python:/home/van/dev_ws/install/learning_parameter:/home/van/dev_ws/install/learning_node:/home/van/dev_ws/install/learning_launch:/home/van/dev_ws/install/learning_action:/home/van/dev_ws/install/learning_gazebo_fortress:/home/van/dev_ws/install/learning_gazebo:/home/van/dev_ws/install/learning_cv:/opt/ros/humble /usr/bin/cmake --install /home/van/rm_ws/build/cpp_pubsub
