-- Found ament_cmake: 1.3.10 (/opt/ros/humble/share/ament_cmake/cmake)
-- Found ament_lint_auto: 0.12.11 (/opt/ros/humble/share/ament_lint_auto/cmake)
-- Added test 'cppcheck' to perform static code analysis on C / C++ code
-- Configured cppcheck include dirs: 
-- Configured cppcheck exclude dirs and/or files: 
-- Added test 'lint_cmake' to check CMake code style
-- Added test 'uncrustify' to check C / C++ code style
-- Configured uncrustify additional arguments: 
-- Added test 'xmllint' to check XML markup files
-- Configuring done
-- Generating done
-- Build files have been written to: /home/van/rm_ws/build/my_node_package
-- Install configuration: ""
-- Installing: /home/van/rm_ws/install/my_node_package/share/ament_index/resource_index/package_run_dependencies/my_node_package
-- Installing: /home/van/rm_ws/install/my_node_package/share/ament_index/resource_index/parent_prefix_path/my_node_package
-- Installing: /home/van/rm_ws/install/my_node_package/share/my_node_package/environment/ament_prefix_path.sh
-- Installing: /home/van/rm_ws/install/my_node_package/share/my_node_package/environment/ament_prefix_path.dsv
-- Installing: /home/van/rm_ws/install/my_node_package/share/my_node_package/environment/path.sh
-- Installing: /home/van/rm_ws/install/my_node_package/share/my_node_package/environment/path.dsv
-- Installing: /home/van/rm_ws/install/my_node_package/share/my_node_package/local_setup.bash
-- Installing: /home/van/rm_ws/install/my_node_package/share/my_node_package/local_setup.sh
-- Installing: /home/van/rm_ws/install/my_node_package/share/my_node_package/local_setup.zsh
-- Installing: /home/van/rm_ws/install/my_node_package/share/my_node_package/local_setup.dsv
-- Installing: /home/van/rm_ws/install/my_node_package/share/my_node_package/package.dsv
-- Installing: /home/van/rm_ws/install/my_node_package/share/ament_index/resource_index/packages/my_node_package
-- Installing: /home/van/rm_ws/install/my_node_package/share/my_node_package/cmake/my_node_packageConfig.cmake
-- Installing: /home/van/rm_ws/install/my_node_package/share/my_node_package/cmake/my_node_packageConfig-version.cmake
-- Installing: /home/van/rm_ws/install/my_node_package/share/my_node_package/package.xml
