[0.008s] Invoking command in '/home/van/rm_ws/build/my_node_package': CMAKE_PREFIX_PATH=${CMAKE_PREFIX_PATH}:/home/van/dev_ws/install/learning_urdf:/home/van/dev_ws/install/learning_topic:/home/van/dev_ws/install/learning_tf:/home/van/dev_ws/install/learning_service:/home/van/dev_ws/install/learning_qos:/home/van/dev_ws/install/learning_pkg_python:/home/van/dev_ws/install/learning_parameter:/home/van/dev_ws/install/learning_node:/home/van/dev_ws/install/learning_launch:/home/van/dev_ws/install/learning_action:/home/van/dev_ws/install/learning_gazebo_fortress:/home/van/dev_ws/install/learning_gazebo:/home/van/dev_ws/install/learning_cv:/opt/ros/humble /usr/bin/cmake /home/van/rm_ws/src/my_node_package -DCMAKE_INSTALL_PREFIX=/home/van/rm_ws/install/my_node_package
[0.016s] -- Found ament_cmake: 1.3.10 (/opt/ros/humble/share/ament_cmake/cmake)
[0.089s] -- Found ament_lint_auto: 0.12.11 (/opt/ros/humble/share/ament_lint_auto/cmake)
[0.126s] -- Added test 'cppcheck' to perform static code analysis on C / C++ code
[0.126s] -- Configured cppcheck include dirs: 
[0.126s] -- Configured cppcheck exclude dirs and/or files: 
[0.126s] -- Added test 'lint_cmake' to check CMake code style
[0.126s] -- Added test 'uncrustify' to check C / C++ code style
[0.126s] -- Configured uncrustify additional arguments: 
[0.127s] -- Added test 'xmllint' to check XML markup files
[0.127s] -- Configuring done
[0.128s] -- Generating done
[0.128s] -- Build files have been written to: /home/van/rm_ws/build/my_node_package
[0.130s] Invoked command in '/home/van/rm_ws/build/my_node_package' returned '0': CMAKE_PREFIX_PATH=${CMAKE_PREFIX_PATH}:/home/van/dev_ws/install/learning_urdf:/home/van/dev_ws/install/learning_topic:/home/van/dev_ws/install/learning_tf:/home/van/dev_ws/install/learning_service:/home/van/dev_ws/install/learning_qos:/home/van/dev_ws/install/learning_pkg_python:/home/van/dev_ws/install/learning_parameter:/home/van/dev_ws/install/learning_node:/home/van/dev_ws/install/learning_launch:/home/van/dev_ws/install/learning_action:/home/van/dev_ws/install/learning_gazebo_fortress:/home/van/dev_ws/install/learning_gazebo:/home/van/dev_ws/install/learning_cv:/opt/ros/humble /usr/bin/cmake /home/van/rm_ws/src/my_node_package -DCMAKE_INSTALL_PREFIX=/home/van/rm_ws/install/my_node_package
[0.131s] Invoking command in '/home/van/rm_ws/build/my_node_package': CMAKE_PREFIX_PATH=${CMAKE_PREFIX_PATH}:/home/van/dev_ws/install/learning_urdf:/home/van/dev_ws/install/learning_topic:/home/van/dev_ws/install/learning_tf:/home/van/dev_ws/install/learning_service:/home/van/dev_ws/install/learning_qos:/home/van/dev_ws/install/learning_pkg_python:/home/van/dev_ws/install/learning_parameter:/home/van/dev_ws/install/learning_node:/home/van/dev_ws/install/learning_launch:/home/van/dev_ws/install/learning_action:/home/van/dev_ws/install/learning_gazebo_fortress:/home/van/dev_ws/install/learning_gazebo:/home/van/dev_ws/install/learning_cv:/opt/ros/humble /usr/bin/cmake --build /home/van/rm_ws/build/my_node_package -- -j32 -l32
[0.165s] Invoked command in '/home/van/rm_ws/build/my_node_package' returned '0': CMAKE_PREFIX_PATH=${CMAKE_PREFIX_PATH}:/home/van/dev_ws/install/learning_urdf:/home/van/dev_ws/install/learning_topic:/home/van/dev_ws/install/learning_tf:/home/van/dev_ws/install/learning_service:/home/van/dev_ws/install/learning_qos:/home/van/dev_ws/install/learning_pkg_python:/home/van/dev_ws/install/learning_parameter:/home/van/dev_ws/install/learning_node:/home/van/dev_ws/install/learning_launch:/home/van/dev_ws/install/learning_action:/home/van/dev_ws/install/learning_gazebo_fortress:/home/van/dev_ws/install/learning_gazebo:/home/van/dev_ws/install/learning_cv:/opt/ros/humble /usr/bin/cmake --build /home/van/rm_ws/build/my_node_package -- -j32 -l32
[0.197s] Invoking command in '/home/van/rm_ws/build/my_node_package': CMAKE_PREFIX_PATH=${CMAKE_PREFIX_PATH}:/home/van/dev_ws/install/learning_urdf:/home/van/dev_ws/install/learning_topic:/home/van/dev_ws/install/learning_tf:/home/van/dev_ws/install/learning_service:/home/van/dev_ws/install/learning_qos:/home/van/dev_ws/install/learning_pkg_python:/home/van/dev_ws/install/learning_parameter:/home/van/dev_ws/install/learning_node:/home/van/dev_ws/install/learning_launch:/home/van/dev_ws/install/learning_action:/home/van/dev_ws/install/learning_gazebo_fortress:/home/van/dev_ws/install/learning_gazebo:/home/van/dev_ws/install/learning_cv:/opt/ros/humble /usr/bin/cmake --install /home/van/rm_ws/build/my_node_package
[0.205s] -- Install configuration: ""
[0.205s] -- Installing: /home/van/rm_ws/install/my_node_package/share/ament_index/resource_index/package_run_dependencies/my_node_package
[0.205s] -- Installing: /home/van/rm_ws/install/my_node_package/share/ament_index/resource_index/parent_prefix_path/my_node_package
[0.205s] -- Installing: /home/van/rm_ws/install/my_node_package/share/my_node_package/environment/ament_prefix_path.sh
[0.206s] -- Installing: /home/van/rm_ws/install/my_node_package/share/my_node_package/environment/ament_prefix_path.dsv
[0.206s] -- Installing: /home/van/rm_ws/install/my_node_package/share/my_node_package/environment/path.sh
[0.206s] -- Installing: /home/van/rm_ws/install/my_node_package/share/my_node_package/environment/path.dsv
[0.206s] -- Installing: /home/van/rm_ws/install/my_node_package/share/my_node_package/local_setup.bash
[0.206s] -- Installing: /home/van/rm_ws/install/my_node_package/share/my_node_package/local_setup.sh
[0.206s] -- Installing: /home/van/rm_ws/install/my_node_package/share/my_node_package/local_setup.zsh
[0.206s] -- Installing: /home/van/rm_ws/install/my_node_package/share/my_node_package/local_setup.dsv
[0.206s] -- Installing: /home/van/rm_ws/install/my_node_package/share/my_node_package/package.dsv
[0.206s] -- Installing: /home/van/rm_ws/install/my_node_package/share/ament_index/resource_index/packages/my_node_package
[0.206s] -- Installing: /home/van/rm_ws/install/my_node_package/share/my_node_package/cmake/my_node_packageConfig.cmake
[0.206s] -- Installing: /home/van/rm_ws/install/my_node_package/share/my_node_package/cmake/my_node_packageConfig-version.cmake
[0.206s] -- Installing: /home/van/rm_ws/install/my_node_package/share/my_node_package/package.xml
[0.209s] Invoked command in '/home/van/rm_ws/build/my_node_package' returned '0': CMAKE_PREFIX_PATH=${CMAKE_PREFIX_PATH}:/home/van/dev_ws/install/learning_urdf:/home/van/dev_ws/install/learning_topic:/home/van/dev_ws/install/learning_tf:/home/van/dev_ws/install/learning_service:/home/van/dev_ws/install/learning_qos:/home/van/dev_ws/install/learning_pkg_python:/home/van/dev_ws/install/learning_parameter:/home/van/dev_ws/install/learning_node:/home/van/dev_ws/install/learning_launch:/home/van/dev_ws/install/learning_action:/home/van/dev_ws/install/learning_gazebo_fortress:/home/van/dev_ws/install/learning_gazebo:/home/van/dev_ws/install/learning_cv:/opt/ros/humble /usr/bin/cmake --install /home/van/rm_ws/build/my_node_package
