[0.007s] Invoking command in '/home/van/rm_ws/build/cpp_pubsub': CMAKE_PREFIX_PATH=${CMAKE_PREFIX_PATH}:/home/van/dev_ws/install/learning_urdf:/home/van/dev_ws/install/learning_topic:/home/van/dev_ws/install/learning_tf:/home/van/dev_ws/install/learning_service:/home/van/dev_ws/install/learning_qos:/home/van/dev_ws/install/learning_pkg_python:/home/van/dev_ws/install/learning_parameter:/home/van/dev_ws/install/learning_node:/home/van/dev_ws/install/learning_launch:/home/van/dev_ws/install/learning_action:/home/van/dev_ws/install/learning_gazebo_fortress:/home/van/dev_ws/install/learning_gazebo:/home/van/dev_ws/install/learning_cv:/opt/ros/humble /usr/bin/cmake /home/van/rm_ws/src/cpp_pubsub -DCMAKE_INSTALL_PREFIX=/home/van/rm_ws/install/cpp_pubsub
[0.101s] -- The C compiler identification is GNU 11.4.0
[0.190s] -- The CXX compiler identification is GNU 11.4.0
[0.196s] -- Detecting C compiler ABI info
[0.275s] -- Detecting C compiler ABI info - done
[0.283s] -- Check for working C compiler: /usr/bin/cc - skipped
[0.284s] -- Detecting C compile features
[0.284s] -- Detecting C compile features - done
[0.288s] -- Detecting CXX compiler ABI info
[0.370s] -- Detecting CXX compiler ABI info - done
[0.379s] -- Check for working CXX compiler: /usr/bin/c++ - skipped
[0.379s] -- Detecting CXX compile features
[0.380s] -- Detecting CXX compile features - done
[0.389s] -- Found OpenCV: /usr/local (found version "4.5.3") 
[0.392s] -- Found ament_cmake: 1.3.10 (/opt/ros/humble/share/ament_cmake/cmake)
[0.616s] -- Found Python3: /usr/bin/python3 (found version "3.10.12") found components: Interpreter 
[0.710s] -- Found rclcpp: 16.0.10 (/opt/ros/humble/share/rclcpp/cmake)
[0.752s] -- Found rosidl_generator_c: 3.1.5 (/opt/ros/humble/share/rosidl_generator_c/cmake)
[0.756s] -- Found rosidl_adapter: 3.1.5 (/opt/ros/humble/share/rosidl_adapter/cmake)
[0.764s] -- Found rosidl_generator_cpp: 3.1.5 (/opt/ros/humble/share/rosidl_generator_cpp/cmake)
[0.774s] -- Using all available rosidl_typesupport_c: rosidl_typesupport_fastrtps_c;rosidl_typesupport_introspection_c
[0.787s] -- Using all available rosidl_typesupport_cpp: rosidl_typesupport_fastrtps_cpp;rosidl_typesupport_introspection_cpp
[0.822s] -- Found rmw_implementation_cmake: 6.1.2 (/opt/ros/humble/share/rmw_implementation_cmake/cmake)
[0.825s] -- Found rmw_fastrtps_cpp: 6.2.7 (/opt/ros/humble/share/rmw_fastrtps_cpp/cmake)
[0.906s] -- Found OpenSSL: /usr/lib/x86_64-linux-gnu/libcrypto.so (found version "3.0.2")  
[0.930s] -- Found FastRTPS: /opt/ros/humble/include  
[0.956s] -- Using RMW implementation 'rmw_fastrtps_cpp' as default
[0.973s] -- Looking for pthread.h
[1.068s] -- Looking for pthread.h - found
[1.068s] -- Performing Test CMAKE_HAVE_LIBC_PTHREAD
[1.154s] -- Performing Test CMAKE_HAVE_LIBC_PTHREAD - Success
[1.156s] -- Found Threads: TRUE  
[1.203s] -- Found sensor_msgs: 4.2.4 (/opt/ros/humble/share/sensor_msgs/cmake)
[1.223s] -- Found image_transport: 3.1.9 (/opt/ros/humble/share/image_transport/cmake)
[1.247s] -- Found cv_bridge: 3.2.1 (/opt/ros/humble/share/cv_bridge/cmake)
[1.286s] -- Configuring done
[1.290s] -- Generating done
[1.291s] -- Build files have been written to: /home/van/rm_ws/build/cpp_pubsub
[1.296s] Invoked command in '/home/van/rm_ws/build/cpp_pubsub' returned '0': CMAKE_PREFIX_PATH=${CMAKE_PREFIX_PATH}:/home/van/dev_ws/install/learning_urdf:/home/van/dev_ws/install/learning_topic:/home/van/dev_ws/install/learning_tf:/home/van/dev_ws/install/learning_service:/home/van/dev_ws/install/learning_qos:/home/van/dev_ws/install/learning_pkg_python:/home/van/dev_ws/install/learning_parameter:/home/van/dev_ws/install/learning_node:/home/van/dev_ws/install/learning_launch:/home/van/dev_ws/install/learning_action:/home/van/dev_ws/install/learning_gazebo_fortress:/home/van/dev_ws/install/learning_gazebo:/home/van/dev_ws/install/learning_cv:/opt/ros/humble /usr/bin/cmake /home/van/rm_ws/src/cpp_pubsub -DCMAKE_INSTALL_PREFIX=/home/van/rm_ws/install/cpp_pubsub
[1.297s] Invoking command in '/home/van/rm_ws/build/cpp_pubsub': CMAKE_PREFIX_PATH=${CMAKE_PREFIX_PATH}:/home/van/dev_ws/install/learning_urdf:/home/van/dev_ws/install/learning_topic:/home/van/dev_ws/install/learning_tf:/home/van/dev_ws/install/learning_service:/home/van/dev_ws/install/learning_qos:/home/van/dev_ws/install/learning_pkg_python:/home/van/dev_ws/install/learning_parameter:/home/van/dev_ws/install/learning_node:/home/van/dev_ws/install/learning_launch:/home/van/dev_ws/install/learning_action:/home/van/dev_ws/install/learning_gazebo_fortress:/home/van/dev_ws/install/learning_gazebo:/home/van/dev_ws/install/learning_cv:/opt/ros/humble /usr/bin/cmake --build /home/van/rm_ws/build/cpp_pubsub -- -j32 -l32
[1.350s] [ 50%] [32mBuilding CXX object CMakeFiles/listener.dir/src/fps.cpp.o[0m
[6.040s] [100%] [32m[1mLinking CXX executable listener[0m
[6.174s] /usr/bin/ld: warning: libopencv_imgcodecs.so.4.5d, needed by /opt/ros/humble/lib/libcv_bridge.so, may conflict with libopencv_imgcodecs.so.4.5
[6.175s] /usr/bin/ld: warning: libopencv_imgproc.so.4.5d, needed by /opt/ros/humble/lib/libcv_bridge.so, may conflict with libopencv_imgproc.so.4.5
[6.176s] /usr/bin/ld: warning: libopencv_core.so.4.5d, needed by /opt/ros/humble/lib/libcv_bridge.so, may conflict with libopencv_core.so.4.5
[6.406s] [100%] Built target listener
[6.414s] Invoked command in '/home/van/rm_ws/build/cpp_pubsub' returned '0': CMAKE_PREFIX_PATH=${CMAKE_PREFIX_PATH}:/home/van/dev_ws/install/learning_urdf:/home/van/dev_ws/install/learning_topic:/home/van/dev_ws/install/learning_tf:/home/van/dev_ws/install/learning_service:/home/van/dev_ws/install/learning_qos:/home/van/dev_ws/install/learning_pkg_python:/home/van/dev_ws/install/learning_parameter:/home/van/dev_ws/install/learning_node:/home/van/dev_ws/install/learning_launch:/home/van/dev_ws/install/learning_action:/home/van/dev_ws/install/learning_gazebo_fortress:/home/van/dev_ws/install/learning_gazebo:/home/van/dev_ws/install/learning_cv:/opt/ros/humble /usr/bin/cmake --build /home/van/rm_ws/build/cpp_pubsub -- -j32 -l32
[6.434s] Invoking command in '/home/van/rm_ws/build/cpp_pubsub': CMAKE_PREFIX_PATH=${CMAKE_PREFIX_PATH}:/home/van/dev_ws/install/learning_urdf:/home/van/dev_ws/install/learning_topic:/home/van/dev_ws/install/learning_tf:/home/van/dev_ws/install/learning_service:/home/van/dev_ws/install/learning_qos:/home/van/dev_ws/install/learning_pkg_python:/home/van/dev_ws/install/learning_parameter:/home/van/dev_ws/install/learning_node:/home/van/dev_ws/install/learning_launch:/home/van/dev_ws/install/learning_action:/home/van/dev_ws/install/learning_gazebo_fortress:/home/van/dev_ws/install/learning_gazebo:/home/van/dev_ws/install/learning_cv:/opt/ros/humble /usr/bin/cmake --install /home/van/rm_ws/build/cpp_pubsub
[6.441s] -- Install configuration: ""
[6.441s] -- Installing: /home/van/rm_ws/install/cpp_pubsub/lib/cpp_pubsub/listener
[6.444s] -- Set runtime path of "/home/van/rm_ws/install/cpp_pubsub/lib/cpp_pubsub/listener" to ""
[6.444s] -- Installing: /home/van/rm_ws/install/cpp_pubsub/share/ament_index/resource_index/package_run_dependencies/cpp_pubsub
[6.445s] -- Installing: /home/van/rm_ws/install/cpp_pubsub/share/ament_index/resource_index/parent_prefix_path/cpp_pubsub
[6.445s] -- Installing: /home/van/rm_ws/install/cpp_pubsub/share/cpp_pubsub/environment/ament_prefix_path.sh
[6.445s] -- Installing: /home/van/rm_ws/install/cpp_pubsub/share/cpp_pubsub/environment/ament_prefix_path.dsv
[6.445s] -- Installing: /home/van/rm_ws/install/cpp_pubsub/share/cpp_pubsub/environment/path.sh
[6.445s] -- Installing: /home/van/rm_ws/install/cpp_pubsub/share/cpp_pubsub/environment/path.dsv
[6.446s] -- Installing: /home/van/rm_ws/install/cpp_pubsub/share/cpp_pubsub/local_setup.bash
[6.446s] -- Installing: /home/van/rm_ws/install/cpp_pubsub/share/cpp_pubsub/local_setup.sh
[6.446s] -- Installing: /home/van/rm_ws/install/cpp_pubsub/share/cpp_pubsub/local_setup.zsh
[6.446s] -- Installing: /home/van/rm_ws/install/cpp_pubsub/share/cpp_pubsub/local_setup.dsv
[6.446s] -- Installing: /home/van/rm_ws/install/cpp_pubsub/share/cpp_pubsub/package.dsv
[6.446s] -- Installing: /home/van/rm_ws/install/cpp_pubsub/share/ament_index/resource_index/packages/cpp_pubsub
[6.446s] -- Installing: /home/van/rm_ws/install/cpp_pubsub/share/cpp_pubsub/cmake/cpp_pubsubConfig.cmake
[6.446s] -- Installing: /home/van/rm_ws/install/cpp_pubsub/share/cpp_pubsub/cmake/cpp_pubsubConfig-version.cmake
[6.446s] -- Installing: /home/van/rm_ws/install/cpp_pubsub/share/cpp_pubsub/package.xml
[6.448s] Invoked command in '/home/van/rm_ws/build/cpp_pubsub' returned '0': CMAKE_PREFIX_PATH=${CMAKE_PREFIX_PATH}:/home/van/dev_ws/install/learning_urdf:/home/van/dev_ws/install/learning_topic:/home/van/dev_ws/install/learning_tf:/home/van/dev_ws/install/learning_service:/home/van/dev_ws/install/learning_qos:/home/van/dev_ws/install/learning_pkg_python:/home/van/dev_ws/install/learning_parameter:/home/van/dev_ws/install/learning_node:/home/van/dev_ws/install/learning_launch:/home/van/dev_ws/install/learning_action:/home/van/dev_ws/install/learning_gazebo_fortress:/home/van/dev_ws/install/learning_gazebo:/home/van/dev_ws/install/learning_cv:/opt/ros/humble /usr/bin/cmake --install /home/van/rm_ws/build/cpp_pubsub
