[0.014s] Invoking command in '/home/van/rm_ws/build/sentry_description': CMAKE_PREFIX_PATH=${CMAKE_PREFIX_PATH}:/home/van/rm_ws/install/sentry_description:/home/van/rm_ws/install/listener_pkg:/home/van/dev_ws/install/learning_urdf:/home/van/dev_ws/install/learning_topic:/home/van/dev_ws/install/learning_tf:/home/van/dev_ws/install/learning_service:/home/van/dev_ws/install/learning_qos:/home/van/dev_ws/install/learning_pkg_python:/home/van/dev_ws/install/learning_parameter:/home/van/dev_ws/install/learning_node:/home/van/dev_ws/install/learning_launch:/home/van/dev_ws/install/learning_action:/home/van/dev_ws/install/learning_gazebo_fortress:/home/van/dev_ws/install/learning_gazebo:/home/van/dev_ws/install/learning_cv:/opt/ros/humble /usr/bin/cmake --build /home/van/rm_ws/build/sentry_description -- -j32 -l32
[0.047s] Invoked command in '/home/van/rm_ws/build/sentry_description' returned '0': CMAKE_PREFIX_PATH=${CMAKE_PREFIX_PATH}:/home/van/rm_ws/install/sentry_description:/home/van/rm_ws/install/listener_pkg:/home/van/dev_ws/install/learning_urdf:/home/van/dev_ws/install/learning_topic:/home/van/dev_ws/install/learning_tf:/home/van/dev_ws/install/learning_service:/home/van/dev_ws/install/learning_qos:/home/van/dev_ws/install/learning_pkg_python:/home/van/dev_ws/install/learning_parameter:/home/van/dev_ws/install/learning_node:/home/van/dev_ws/install/learning_launch:/home/van/dev_ws/install/learning_action:/home/van/dev_ws/install/learning_gazebo_fortress:/home/van/dev_ws/install/learning_gazebo:/home/van/dev_ws/install/learning_cv:/opt/ros/humble /usr/bin/cmake --build /home/van/rm_ws/build/sentry_description -- -j32 -l32
[0.075s] Invoking command in '/home/van/rm_ws/build/sentry_description': CMAKE_PREFIX_PATH=${CMAKE_PREFIX_PATH}:/home/van/rm_ws/install/sentry_description:/home/van/rm_ws/install/listener_pkg:/home/van/dev_ws/install/learning_urdf:/home/van/dev_ws/install/learning_topic:/home/van/dev_ws/install/learning_tf:/home/van/dev_ws/install/learning_service:/home/van/dev_ws/install/learning_qos:/home/van/dev_ws/install/learning_pkg_python:/home/van/dev_ws/install/learning_parameter:/home/van/dev_ws/install/learning_node:/home/van/dev_ws/install/learning_launch:/home/van/dev_ws/install/learning_action:/home/van/dev_ws/install/learning_gazebo_fortress:/home/van/dev_ws/install/learning_gazebo:/home/van/dev_ws/install/learning_cv:/opt/ros/humble /usr/bin/cmake --install /home/van/rm_ws/build/sentry_description
[0.083s] -- Install configuration: ""
[0.083s] -- Up-to-date: /home/van/rm_ws/install/sentry_description/share/sentry_description/launch
[0.083s] -- Up-to-date: /home/van/rm_ws/install/sentry_description/share/sentry_description/launch/view_model.launch.py
[0.083s] -- Up-to-date: /home/van/rm_ws/install/sentry_description/share/sentry_description/launch/view_model.rviz
[0.083s] -- Up-to-date: /home/van/rm_ws/install/sentry_description/share/sentry_description/meshes
[0.083s] -- Up-to-date: /home/van/rm_ws/install/sentry_description/share/sentry_description/meshes/shoot_link.STL
[0.083s] -- Up-to-date: /home/van/rm_ws/install/sentry_description/share/sentry_description/meshes/gimbal_odom.STL
[0.083s] -- Up-to-date: /home/van/rm_ws/install/sentry_description/share/sentry_description/meshes/usb_camera_b_link.STL
[0.083s] -- Up-to-date: /home/van/rm_ws/install/sentry_description/share/sentry_description/meshes/camera_link.STL
[0.083s] -- Up-to-date: /home/van/rm_ws/install/sentry_description/share/sentry_description/meshes/pitch_link.STL
[0.083s] -- Up-to-date: /home/van/rm_ws/install/sentry_description/share/sentry_description/meshes/base_link.STL
[0.083s] -- Up-to-date: /home/van/rm_ws/install/sentry_description/share/sentry_description/meshes/usb_camera_a_link.STL
[0.083s] -- Up-to-date: /home/van/rm_ws/install/sentry_description/share/sentry_description/meshes/lidar_link.STL
[0.083s] -- Up-to-date: /home/van/rm_ws/install/sentry_description/share/sentry_description/meshes/yaw_link.STL
[0.083s] -- Up-to-date: /home/van/rm_ws/install/sentry_description/share/sentry_description/urdf
[0.083s] -- Up-to-date: /home/van/rm_ws/install/sentry_description/share/sentry_description/urdf/sentry_description.urdf
[0.084s] -- Up-to-date: /home/van/rm_ws/install/sentry_description/share/ament_index/resource_index/package_run_dependencies/sentry_description
[0.084s] -- Up-to-date: /home/van/rm_ws/install/sentry_description/share/ament_index/resource_index/parent_prefix_path/sentry_description
[0.084s] -- Up-to-date: /home/van/rm_ws/install/sentry_description/share/sentry_description/environment/ament_prefix_path.sh
[0.084s] -- Up-to-date: /home/van/rm_ws/install/sentry_description/share/sentry_description/environment/ament_prefix_path.dsv
[0.084s] -- Up-to-date: /home/van/rm_ws/install/sentry_description/share/sentry_description/environment/path.sh
[0.084s] -- Up-to-date: /home/van/rm_ws/install/sentry_description/share/sentry_description/environment/path.dsv
[0.084s] -- Up-to-date: /home/van/rm_ws/install/sentry_description/share/sentry_description/local_setup.bash
[0.084s] -- Up-to-date: /home/van/rm_ws/install/sentry_description/share/sentry_description/local_setup.sh
[0.084s] -- Up-to-date: /home/van/rm_ws/install/sentry_description/share/sentry_description/local_setup.zsh
[0.084s] -- Up-to-date: /home/van/rm_ws/install/sentry_description/share/sentry_description/local_setup.dsv
[0.084s] -- Up-to-date: /home/van/rm_ws/install/sentry_description/share/sentry_description/package.dsv
[0.084s] -- Up-to-date: /home/van/rm_ws/install/sentry_description/share/ament_index/resource_index/packages/sentry_description
[0.084s] -- Up-to-date: /home/van/rm_ws/install/sentry_description/share/sentry_description/cmake/sentry_descriptionConfig.cmake
[0.084s] -- Up-to-date: /home/van/rm_ws/install/sentry_description/share/sentry_description/cmake/sentry_descriptionConfig-version.cmake
[0.084s] -- Up-to-date: /home/van/rm_ws/install/sentry_description/share/sentry_description/package.xml
[0.085s] Invoked command in '/home/van/rm_ws/build/sentry_description' returned '0': CMAKE_PREFIX_PATH=${CMAKE_PREFIX_PATH}:/home/van/rm_ws/install/sentry_description:/home/van/rm_ws/install/listener_pkg:/home/van/dev_ws/install/learning_urdf:/home/van/dev_ws/install/learning_topic:/home/van/dev_ws/install/learning_tf:/home/van/dev_ws/install/learning_service:/home/van/dev_ws/install/learning_qos:/home/van/dev_ws/install/learning_pkg_python:/home/van/dev_ws/install/learning_parameter:/home/van/dev_ws/install/learning_node:/home/van/dev_ws/install/learning_launch:/home/van/dev_ws/install/learning_action:/home/van/dev_ws/install/learning_gazebo_fortress:/home/van/dev_ws/install/learning_gazebo:/home/van/dev_ws/install/learning_cv:/opt/ros/humble /usr/bin/cmake --install /home/van/rm_ws/build/sentry_description
